2016/10/15 16:18:57 INFO  - jmeter.util.JMeterUtils: Setting Locale to ko_KR 
2016/10/15 16:18:57 ERROR - jmeter.util.JMeterUtils: Could not find resources for 'ko_KR' 
2016/10/15 16:18:57 INFO  - jmeter.JMeter: Loading user properties from: C:\Project_LINE\stress\apache-jmeter-3.0\bin\user.properties 
2016/10/15 16:18:57 INFO  - jmeter.JMeter: Loading system properties from: C:\Project_LINE\stress\apache-jmeter-3.0\bin\system.properties 
2016/10/15 16:18:57 INFO  - jmeter.JMeter: Copyright (c) 1998-2016 The Apache Software Foundation 
2016/10/15 16:18:57 INFO  - jmeter.JMeter: Version 3.0 r1743807 
2016/10/15 16:18:57 INFO  - jmeter.JMeter: java.version=1.8.0_25 
2016/10/15 16:18:57 INFO  - jmeter.JMeter: java.vm.name=Java HotSpot(TM) 64-Bit Server VM 
2016/10/15 16:18:57 INFO  - jmeter.JMeter: os.name=Windows 7 
2016/10/15 16:18:57 INFO  - jmeter.JMeter: os.arch=amd64 
2016/10/15 16:18:57 INFO  - jmeter.JMeter: os.version=6.1 
2016/10/15 16:18:57 INFO  - jmeter.JMeter: file.encoding=MS949 
2016/10/15 16:18:57 INFO  - jmeter.JMeter: Max memory     =523763712 
2016/10/15 16:18:57 INFO  - jmeter.JMeter: Available Processors =8 
2016/10/15 16:18:57 INFO  - jmeter.JMeter: Default Locale=한국어 (대한민국) 
2016/10/15 16:18:57 INFO  - jmeter.JMeter: JMeter  Locale=한국어 (대한민국) 
2016/10/15 16:18:57 INFO  - jmeter.JMeter: JMeterHome=C:\Project_LINE\stress\apache-jmeter-3.0 
2016/10/15 16:18:57 INFO  - jmeter.JMeter: user.dir  =C:\Project_LINE\stress\apache-jmeter-3.0\bin 
2016/10/15 16:18:57 INFO  - jmeter.JMeter: PWD       =C:\Project_LINE\stress\apache-jmeter-3.0\bin 
2016/10/15 16:18:57 INFO  - jmeter.JMeter: IP: 10.70.17.87 Name: AD01119636 FullName: AD01119636 
2016/10/15 16:18:57 INFO  - jmeter.gui.action.LookAndFeelCommand: Using look and feel: javax.swing.plaf.metal.MetalLookAndFeel [Metal, CrossPlatform] 
2016/10/15 16:18:57 INFO  - jmeter.JMeter: Loaded icon properties from org/apache/jmeter/images/icon.properties 
2016/10/15 16:18:58 INFO  - jmeter.engine.util.CompoundVariable: Note: Function class names must contain the string: '.functions.' 
2016/10/15 16:18:58 INFO  - jmeter.engine.util.CompoundVariable: Note: Function class names must not contain the string: '.gui.' 
2016/10/15 16:18:59 INFO  - jmeter.util.BSFTestElement: Registering JMeter version of JavaScript engine as work-round for BSF-22 
2016/10/15 16:18:59 INFO  - jmeter.protocol.http.sampler.HTTPSamplerBase: Parser for text/html is org.apache.jmeter.protocol.http.parser.LagartoBasedHtmlParser 
2016/10/15 16:18:59 INFO  - jmeter.protocol.http.sampler.HTTPSamplerBase: Parser for application/xhtml+xml is org.apache.jmeter.protocol.http.parser.LagartoBasedHtmlParser 
2016/10/15 16:18:59 INFO  - jmeter.protocol.http.sampler.HTTPSamplerBase: Parser for application/xml is org.apache.jmeter.protocol.http.parser.LagartoBasedHtmlParser 
2016/10/15 16:18:59 INFO  - jmeter.protocol.http.sampler.HTTPSamplerBase: Parser for text/xml is org.apache.jmeter.protocol.http.parser.LagartoBasedHtmlParser 
2016/10/15 16:18:59 INFO  - jmeter.protocol.http.sampler.HTTPSamplerBase: Parser for text/vnd.wap.wml is org.apache.jmeter.protocol.http.parser.RegexpHTMLParser 
2016/10/15 16:18:59 INFO  - jmeter.protocol.http.sampler.HTTPSamplerBase: Parser for text/css is org.apache.jmeter.protocol.http.parser.CssParser 
2016/10/15 16:19:00 INFO  - jorphan.exec.KeyToolUtils: keytool found at 'keytool' 
2016/10/15 16:19:00 INFO  - jmeter.protocol.http.proxy.ProxyControl: HTTP(S) Test Script Recorder SSL Proxy will use keys that support embedded 3rd party resources in file C:\Project_LINE\stress\apache-jmeter-3.0\bin\proxyserver.jks 
2016/10/15 16:19:00 INFO  - jmeter.gui.util.MenuFactory: Skipping org.apache.jmeter.protocol.mongodb.config.MongoSourceElement 
2016/10/15 16:19:00 INFO  - jmeter.gui.util.MenuFactory: Skipping org.apache.jmeter.protocol.mongodb.sampler.MongoScriptSampler 
2016/10/15 16:19:00 INFO  - jmeter.gui.util.MenuFactory: Skipping org.apache.jmeter.visualizers.DistributionGraphVisualizer 
2016/10/15 16:19:00 INFO  - jmeter.samplers.SampleResult: Note: Sample TimeStamps are START times 
2016/10/15 16:19:00 INFO  - jmeter.samplers.SampleResult: sampleresult.default.encoding is set to ISO-8859-1 
2016/10/15 16:19:00 INFO  - jmeter.samplers.SampleResult: sampleresult.useNanoTime=true 
2016/10/15 16:19:00 INFO  - jmeter.samplers.SampleResult: sampleresult.nanoThreadSleep=5000 
2016/10/15 16:19:00 INFO  - jmeter.gui.util.MenuFactory: Skipping org.apache.jmeter.visualizers.SplineVisualizer 
2016/10/15 16:19:12 INFO  - jmeter.services.FileServer: Default base='C:\Project_LINE\stress\apache-jmeter-3.0\bin' 
2016/10/15 16:19:12 INFO  - jmeter.gui.action.Load: Loading file: C:\Project_LINE\stress\script\build-web-test-plan.jmx 
2016/10/15 16:19:12 INFO  - jmeter.services.FileServer: Set new base='C:\Project_LINE\stress\script' 
2016/10/15 16:19:12 INFO  - jmeter.save.SaveService: Testplan (JMX) version: 2.2. Testlog (JTL) version: 2.2 
2016/10/15 16:19:12 INFO  - jmeter.save.SaveService: Using SaveService properties file encoding UTF-8 
2016/10/15 16:19:12 INFO  - jmeter.save.SaveService: Using SaveService properties version 2.9 
2016/10/15 16:19:12 INFO  - jmeter.save.SaveService: All converter versions present and correct 
2016/10/15 16:19:12 INFO  - jmeter.save.SaveService: Loading file: C:\Project_LINE\stress\script\build-web-test-plan.jmx 
2016/10/15 16:19:12 INFO  - jmeter.services.FileServer: Set new base='C:\Project_LINE\stress\script' 
